<?xml version="1.0" encoding="UTF-8"?>
<!-- Generated by org.testng.reporters.JUnitXMLReporter -->
<testsuite hostname="EPINHYDW0274" ignored="0" name="Surefire test" tests="3" failures="3" timestamp="03 Dec 2019 09:53:10 GMT" time="2.206" errors="0">
  <testcase name="Scenario1Test" time="2.15" classname="com.epam.AmazonPageTask.TestFunction">
    <failure type="org.openqa.selenium.WebDriverException" message="unknown error: Chrome failed to start: was killed
  (unknown error: DevToolsActivePort file doesn&amp;apos;t exist)
  (The process started from chrome location C:\Users\sravanthi_rudhru\Desktop\chromedriver.exe is no longer running, so ChromeDriver is assuming that Chrome has crashed.)
Build info: version: &amp;apos;3.14.0&amp;apos;, revision: &amp;apos;aacccce0&amp;apos;, time: &amp;apos;2018-08-02T20:19:58.91Z&amp;apos;
System info: host: &amp;apos;EPINHYDW0274&amp;apos;, ip: &amp;apos;10.240.8.208&amp;apos;, os.name: &amp;apos;Windows 7&amp;apos;, os.arch: &amp;apos;amd64&amp;apos;, os.version: &amp;apos;6.1&amp;apos;, java.version: &amp;apos;1.8.0_151&amp;apos;
Driver info: driver.version: ChromeDriver
remote stacktrace: Backtrace:
	Ordinal0 [0x0125A923+1550627]
	Ordinal0 [0x011DA731+1025841]
	Ordinal0 [0x0115C715+509717]
	Ordinal0 [0x010ECB0B+51979]
	Ordinal0 [0x0110ACE7+175335]
	Ordinal0 [0x0110A8ED+174317]
	Ordinal0 [0x01108CDB+167131]
	Ordinal0 [0x010F144A+70730]
	Ordinal0 [0x010F24D0+74960]
	Ordinal0 [0x010F2469+74857]
	Ordinal0 [0x011F42F7+1131255]
	GetHandleVerifier [0x012F711D+523789]
	GetHandleVerifier [0x012F6EB0+523168]
	GetHandleVerifier [0x012FE207+552695]
	GetHandleVerifier [0x012F791A+525834]
	Ordinal0 [0x011EB82C+1095724]
	Ordinal0 [0x011F636B+1139563]
	Ordinal0 [0x011F64D3+1139923]
	Ordinal0 [0x011F5455+1135701]
	BaseThreadInitThunk [0x75DC343D+18]
	RtlInitializeExceptionChain [0x77709802+99]
	RtlInitializeExceptionChain [0x777097D5+54]
">
      <![CDATA[org.openqa.selenium.WebDriverException: unknown error: Chrome failed to start: was killed
  (unknown error: DevToolsActivePort file doesn't exist)
  (The process started from chrome location C:\Users\sravanthi_rudhru\Desktop\chromedriver.exe is no longer running, so ChromeDriver is assuming that Chrome has crashed.)
Build info: version: '3.14.0', revision: 'aacccce0', time: '2018-08-02T20:19:58.91Z'
System info: host: 'EPINHYDW0274', ip: '10.240.8.208', os.name: 'Windows 7', os.arch: 'amd64', os.version: '6.1', java.version: '1.8.0_151'
Driver info: driver.version: ChromeDriver
remote stacktrace: Backtrace:
Ordinal0 [0x0125A923+1550627]
Ordinal0 [0x011DA731+1025841]
Ordinal0 [0x0115C715+509717]
Ordinal0 [0x010ECB0B+51979]
Ordinal0 [0x0110ACE7+175335]
Ordinal0 [0x0110A8ED+174317]
Ordinal0 [0x01108CDB+167131]
Ordinal0 [0x010F144A+70730]
Ordinal0 [0x010F24D0+74960]
Ordinal0 [0x010F2469+74857]
Ordinal0 [0x011F42F7+1131255]
GetHandleVerifier [0x012F711D+523789]
GetHandleVerifier [0x012F6EB0+523168]
GetHandleVerifier [0x012FE207+552695]
GetHandleVerifier [0x012F791A+525834]
Ordinal0 [0x011EB82C+1095724]
Ordinal0 [0x011F636B+1139563]
Ordinal0 [0x011F64D3+1139923]
Ordinal0 [0x011F5455+1135701]
BaseThreadInitThunk [0x75DC343D+18]
RtlInitializeExceptionChain [0x77709802+99]
RtlInitializeExceptionChain [0x777097D5+54]

at org.openqa.selenium.remote.W3CHandshakeResponse.lambda$new$0(W3CHandshakeResponse.java:57)
at org.openqa.selenium.remote.W3CHandshakeResponse.lambda$getResponseFunction$2(W3CHandshakeResponse.java:104)
at org.openqa.selenium.remote.ProtocolHandshake.lambda$createSession$0(ProtocolHandshake.java:122)
at java.util.stream.ReferencePipeline$3$1.accept(ReferencePipeline.java:193)
at java.util.Spliterators$ArraySpliterator.tryAdvance(Spliterators.java:958)
at java.util.stream.ReferencePipeline.forEachWithCancel(ReferencePipeline.java:126)
at java.util.stream.AbstractPipeline.copyIntoWithCancel(AbstractPipeline.java:498)
at java.util.stream.AbstractPipeline.copyInto(AbstractPipeline.java:485)
at java.util.stream.AbstractPipeline.wrapAndCopyInto(AbstractPipeline.java:471)
at java.util.stream.FindOps$FindOp.evaluateSequential(FindOps.java:152)
at java.util.stream.AbstractPipeline.evaluate(AbstractPipeline.java:234)
at java.util.stream.ReferencePipeline.findFirst(ReferencePipeline.java:464)
at org.openqa.selenium.remote.ProtocolHandshake.createSession(ProtocolHandshake.java:125)
at org.openqa.selenium.remote.ProtocolHandshake.createSession(ProtocolHandshake.java:73)
at org.openqa.selenium.remote.HttpCommandExecutor.execute(HttpCommandExecutor.java:136)
at org.openqa.selenium.remote.service.DriverCommandExecutor.execute(DriverCommandExecutor.java:83)
at org.openqa.selenium.remote.RemoteWebDriver.execute(RemoteWebDriver.java:548)
at org.openqa.selenium.remote.RemoteWebDriver.startSession(RemoteWebDriver.java:212)
at org.openqa.selenium.remote.RemoteWebDriver.<init>(RemoteWebDriver.java:130)
at org.openqa.selenium.chrome.ChromeDriver.<init>(ChromeDriver.java:181)
at org.openqa.selenium.chrome.ChromeDriver.<init>(ChromeDriver.java:168)
at org.openqa.selenium.chrome.ChromeDriver.<init>(ChromeDriver.java:157)
at com.epam.AmazonPageTask.TestFunction.Scenario1Test(TestFunction.java:35)
... Removed 34 stack frames]]>
    </failure>
  </testcase> <!-- Scenario1Test -->
  <testcase name="Scenario2Test" time="0.004" classname="com.epam.AmazonPageTask.TestFunction">
    <failure type="java.lang.NullPointerException">
      <![CDATA[java.lang.NullPointerException
at com.epam.AmazonPageTask.TestFunction.Scenario2Test(TestFunction.java:50)
... Removed 30 stack frames]]>
    </failure>
  </testcase> <!-- Scenario2Test -->
  <testcase name="Scenario4Test" time="0.0" classname="com.epam.AmazonPageTask.TestFunction">
    <failure type="java.lang.NullPointerException">
      <![CDATA[java.lang.NullPointerException
at com.epam.AmazonPageTask.TestFunction.Scenario4Test(TestFunction.java:58)
... Removed 30 stack frames]]>
    </failure>
  </testcase> <!-- Scenario4Test -->
</testsuite> <!-- Surefire test -->
